<?xml version="1.0" encoding="UTF-8"?>
<!-- Generated by org.testng.reporters.JUnitReportReporter -->
<testsuite skipped="0" hostname="User1" name="seleniummaventest.SeleniumMavenTest" tests="1" failures="0" timestamp="25 Aug 2019 06:11:43 GMT" time="2.198" errors="0">
  <testcase name="f" time="2.198" classname="seleniummaventest.SeleniumMavenTest"/>
</testsuite> <!-- seleniummaventest.SeleniumMavenTest -->
